Starting Dynare (version 4.5.6).
Starting preprocessing of the model file ...
Found 4 equation(s).
Evaluating expressions...done
Computing static model derivatives:
 - order 1
Computing dynamic model derivatives:
 - order 1
Processing outputs ...
done
Preprocessing completed.

STEADY-STATE RESULTS:

c 		 0.793902
k 		 10.2696
n 		 0.331892
z 		 0

MODEL SUMMARY

  Number of variables:         4
  Number of stochastic shocks: 1
  Number of state variables:   2
  Number of jumpers:           3
  Number of static variables:  0


MATRIX OF COVARIANCE OF EXOGENOUS SHOCKS
Variables           e
e            0.000100

POLICY AND TRANSITION FUNCTIONS
                                   c               k               n               z
Constant                    0.793902       10.269592        0.331892               0
k(-1)                       0.041667        0.951446       -0.008169               0
z(-1)                       0.306067        1.143748        0.226601        0.950000
e                           0.322175        1.203945        0.238528        1.000000


THEORETICAL MOMENTS (HP filter, lambda = 1600)
VARIABLE         MEAN  STD. DEV.   VARIANCE
c              0.7939     0.0048     0.0000
k             10.2696     0.0553     0.0031
n              0.3319     0.0031     0.0000
z              0.0000     0.0130     0.0002



MATRIX OF CORRELATIONS (HP filter, lambda = 1600)
Variables         c       k       n       z
c            1.0000  0.7238  0.8021  0.8798
k            0.7238  1.0000  0.1685  0.3088
n            0.8021  0.1685  1.0000  0.9896
z            0.8798  0.3088  0.9896  1.0000



COEFFICIENTS OF AUTOCORRELATION (HP filter, lambda = 1600)
Order         1       2       3       4       5
c        0.8043  0.6152  0.4385  0.2783  0.1373
k        0.9588  0.8596  0.7225  0.5643  0.3981
n        0.7060  0.4597  0.2578  0.0965 -0.0285
z        0.7133  0.4711  0.2711  0.1098 -0.0163
Total computing time : 0h00m01s
